Using pre-set license
Built from '2021.1/staging' branch; Version is '2021.1.3f1 (4bef613afd59) revision 4976481'; Using compiler version '192528614'; Build Type 'Release'
OS: 'Windows 10 Home; OS build 19041.928; Version 2004; 64bit' Language: 'de' Physical Memory: 8109 MB
BatchMode: 1, IsHumanControllingUs: 0, StartBugReporterOnCrash: 0, Is64bit: 1, IsPro: 0

 COMMAND LINE ARGUMENTS:
C:\Program Files\Unity\Hub\Editor\2021.1.3f1\Editor\Unity.exe
-adb2
-batchMode
-noUpm
-name
AssetImportWorker1
-projectPath
C:/Users/moham/Miniprojekt/Top Down Shooter
-logFile
Logs/AssetImportWorker1.log
-srvPort
58250
Successfully changed project path to: C:/Users/moham/Miniprojekt/Top Down Shooter
C:/Users/moham/Miniprojekt/Top Down Shooter
Using Asset Import Pipeline V2.
Refreshing native plugins compatible for Editor in 372.54 ms, found 1 plugins.
Preloading 0 native plugins for Editor in 0.00 ms.
Initialize engine version: 2021.1.3f1 (4bef613afd59)
[Subsystems] Discovering subsystems at path C:/Program Files/Unity/Hub/Editor/2021.1.3f1/Editor/Data/Resources/UnitySubsystems
[Subsystems] Discovering subsystems at path C:/Users/moham/Miniprojekt/Top Down Shooter/Assets
GfxDevice: creating device client; threaded=0; jobified=0
Direct3D:
    Version:  Direct3D 11.0 [level 11.1]
    Renderer: Intel(R) UHD Graphics 620 (ID=0x5917)
    Vendor:   Intel
    VRAM:     4054 MB
    Driver:   27.20.100.8681
Initialize mono
Mono path[0] = 'C:/Program Files/Unity/Hub/Editor/2021.1.3f1/Editor/Data/Managed'
Mono path[1] = 'C:/Program Files/Unity/Hub/Editor/2021.1.3f1/Editor/Data/MonoBleedingEdge/lib/mono/unityjit'
Mono config path = 'C:/Program Files/Unity/Hub/Editor/2021.1.3f1/Editor/Data/MonoBleedingEdge/etc'
Using monoOptions --debugger-agent=transport=dt_socket,embedding=1,server=y,suspend=n,address=127.0.0.1:56972
Begin MonoManager ReloadAssembly
Registering precompiled unity dll's ...
Register platform support module: C:/Program Files/Unity/Hub/Editor/2021.1.3f1/Editor/Data/PlaybackEngines/WindowsStandaloneSupport/UnityEditor.WindowsStandalone.Extensions.dll
Registered in 0.010037 seconds.
Native extension for WindowsStandalone target not found
Refreshing native plugins compatible for Editor in 389.90 ms, found 1 plugins.
Preloading 0 native plugins for Editor in 0.00 ms.
Mono: successfully reloaded assembly
- Completed reload, in  7.158 seconds
Platform modules already initialized, skipping
Registering precompiled user dll's ...
Registered in 0.017157 seconds.
Begin MonoManager ReloadAssembly
Native extension for WindowsStandalone target not found
Refreshing native plugins compatible for Editor in 1.47 ms, found 1 plugins.
Preloading 0 native plugins for Editor in 0.00 ms.
Mono: successfully reloaded assembly
- Completed reload, in  5.294 seconds
Platform modules already initialized, skipping
========================================================================
Worker process is ready to serve import requests
Launched and connected shader compiler UnityShaderCompiler.exe after 0.33 seconds
Refreshing native plugins compatible for Editor in 1.19 ms, found 1 plugins.
Preloading 0 native plugins for Editor in 0.00 ms.
Unloading 2684 Unused Serialized files (Serialized files now loaded: 0)
System memory in use before: 101.3 MB.
System memory in use after: 101.5 MB.

Unloading 15 unused Assets to reduce memory usage. Loaded Objects now: 3139.
Total: 6.742200 ms (FindLiveObjects: 0.593500 ms CreateObjectMapping: 0.523700 ms MarkObjects: 5.332600 ms  DeleteObjects: 0.287800 ms)

========================================================================
Received Import Request.
  path: Assets/amusedART/Mummy_Mon/Textures/Mummy_albedo.psd
  artifactKey: Guid(7106f7c372748ed41a18bd0ec1bb4357) Importer(815301076,1909f56bfc062723c751e8b465ee728b)
Start importing Assets/amusedART/Mummy_Mon/Textures/Mummy_albedo.psd using Guid(7106f7c372748ed41a18bd0ec1bb4357) Importer(815301076,1909f56bfc062723c751e8b465ee728b)  -> (artifact id: '104372bc988d456f02175a5da16f4e49') in 0.399180 seconds 
========================================================================
Received Import Request.
  Time since last request: 0.001639 seconds.
  path: Assets/amusedART/Mummy_Mon/Textures/Mummy_spec.psd
  artifactKey: Guid(7200799c4a9779c49ac1143d2a922822) Importer(815301076,1909f56bfc062723c751e8b465ee728b)
Start importing Assets/amusedART/Mummy_Mon/Textures/Mummy_spec.psd using Guid(7200799c4a9779c49ac1143d2a922822) Importer(815301076,1909f56bfc062723c751e8b465ee728b)  -> (artifact id: 'e69890cb78215167eb0b04ef6fdda271') in 0.277276 seconds 
========================================================================
Received Import Request.
  Time since last request: 0.001011 seconds.
  path: Assets/amusedART/Mummy_Mon/Textures
  artifactKey: Guid(2a34e301e469d0a4894bf96ea2de1b3b) Importer(815301076,1909f56bfc062723c751e8b465ee728b)
Start importing Assets/amusedART/Mummy_Mon/Textures using Guid(2a34e301e469d0a4894bf96ea2de1b3b) Importer(815301076,1909f56bfc062723c751e8b465ee728b)  -> (artifact id: '964308e2e4d4d245cb720b93bebaba16') in 0.040899 seconds 
========================================================================
Received Import Request.
  Time since last request: 0.001174 seconds.
  path: Assets/amusedART/Mummy_Mon/Textures/Mummy_normals.psd
  artifactKey: Guid(aa4735feabd865847b0a22941a153690) Importer(815301076,1909f56bfc062723c751e8b465ee728b)
Start importing Assets/amusedART/Mummy_Mon/Textures/Mummy_normals.psd using Guid(aa4735feabd865847b0a22941a153690) Importer(815301076,1909f56bfc062723c751e8b465ee728b)  -> (artifact id: '22f6100f6a5ff3fd9ef8974e90f3c68f') in 0.079153 seconds 
========================================================================
Received Import Request.
  Time since last request: 0.000584 seconds.
  path: Assets/amusedART/Mummy_Mon/Materials
  artifactKey: Guid(3760ed489da40cd4d924f9c16237ce86) Importer(815301076,1909f56bfc062723c751e8b465ee728b)
Start importing Assets/amusedART/Mummy_Mon/Materials using Guid(3760ed489da40cd4d924f9c16237ce86) Importer(815301076,1909f56bfc062723c751e8b465ee728b)  -> (artifact id: 'a3f2a5726f8b4e0e41ee7b8f84d4548f') in 0.029237 seconds 
========================================================================
Received Import Request.
  Time since last request: 0.000864 seconds.
  path: Assets/amusedART/Mummy_Mon/Mummy_Anim.controller
  artifactKey: Guid(ad8c5523f2b576b418ee719654ad4604) Importer(815301076,1909f56bfc062723c751e8b465ee728b)
Start importing Assets/amusedART/Mummy_Mon/Mummy_Anim.controller using Guid(ad8c5523f2b576b418ee719654ad4604) Importer(815301076,1909f56bfc062723c751e8b465ee728b)  -> (artifact id: '682de563507b4e5b63e3a6f490345146') in 0.043951 seconds 
========================================================================
Received Import Request.
  Time since last request: 0.000542 seconds.
  path: Assets/amusedART/Mummy_Mon/Scene
  artifactKey: Guid(308552e5f79803d41937af3b9e269bd8) Importer(815301076,1909f56bfc062723c751e8b465ee728b)
Start importing Assets/amusedART/Mummy_Mon/Scene using Guid(308552e5f79803d41937af3b9e269bd8) Importer(815301076,1909f56bfc062723c751e8b465ee728b)  -> (artifact id: '48711d2c50f1b170a8d1831ec3f37ecf') in 0.046796 seconds 
========================================================================
Received Prepare
Registering precompiled user dll's ...
Registered in 0.022714 seconds.
Begin MonoManager ReloadAssembly
Native extension for WindowsStandalone target not found
Refreshing native plugins compatible for Editor in 1.77 ms, found 1 plugins.
Preloading 0 native plugins for Editor in 0.00 ms.
Mono: successfully reloaded assembly
- Completed reload, in  4.996 seconds
Platform modules already initialized, skipping
Refreshing native plugins compatible for Editor in 1.56 ms, found 1 plugins.
Preloading 0 native plugins for Editor in 0.00 ms.
Unloading 2669 Unused Serialized files (Serialized files now loaded: 0)
System memory in use before: 111.7 MB.
System memory in use after: 111.9 MB.

Unloading 10 unused Assets to reduce memory usage. Loaded Objects now: 3194.
Total: 10.214200 ms (FindLiveObjects: 1.028600 ms CreateObjectMapping: 0.897800 ms MarkObjects: 7.999400 ms  DeleteObjects: 0.282200 ms)

========================================================================
Received Prepare
Registering precompiled user dll's ...
Registered in 0.017706 seconds.
Begin MonoManager ReloadAssembly
Native extension for WindowsStandalone target not found
Refreshing native plugins compatible for Editor in 1.83 ms, found 1 plugins.
Preloading 0 native plugins for Editor in 0.00 ms.
Mono: successfully reloaded assembly
- Completed reload, in  4.549 seconds
Platform modules already initialized, skipping
Refreshing native plugins compatible for Editor in 1.09 ms, found 1 plugins.
Preloading 0 native plugins for Editor in 0.00 ms.
Unloading 2666 Unused Serialized files (Serialized files now loaded: 0)
System memory in use before: 111.7 MB.
System memory in use after: 111.9 MB.

Unloading 10 unused Assets to reduce memory usage. Loaded Objects now: 3197.
Total: 8.670000 ms (FindLiveObjects: 1.469000 ms CreateObjectMapping: 1.043500 ms MarkObjects: 5.954200 ms  DeleteObjects: 0.197800 ms)

AssetImportWorkerClient::OnTransportError - code=2 error=End of file
