Using pre-set license
Built from '2021.1/staging' branch; Version is '2021.1.3f1 (4bef613afd59) revision 4976481'; Using compiler version '192528614'; Build Type 'Release'
OS: 'Windows 10 Home; OS build 19042.928; Version 2009; 64bit' Language: 'de' Physical Memory: 16334 MB
BatchMode: 1, IsHumanControllingUs: 0, StartBugReporterOnCrash: 0, Is64bit: 1, IsPro: 0

 COMMAND LINE ARGUMENTS:
D:\Unity\2021.1.3f1\Editor\Unity.exe
-adb2
-batchMode
-noUpm
-name
AssetImportWorker0
-projectPath
C:/Users/hoang/OneDrive/detprojekt/Miniprojekt-1/Top Down Shooter
-logFile
Logs/AssetImportWorker0.log
-srvPort
52595
Successfully changed project path to: C:/Users/hoang/OneDrive/detprojekt/Miniprojekt-1/Top Down Shooter
C:/Users/hoang/OneDrive/detprojekt/Miniprojekt-1/Top Down Shooter
Using Asset Import Pipeline V2.
Refreshing native plugins compatible for Editor in 94.07 ms, found 1 plugins.
Preloading 0 native plugins for Editor in 0.00 ms.
Initialize engine version: 2021.1.3f1 (4bef613afd59)
[Subsystems] Discovering subsystems at path D:/Unity/2021.1.3f1/Editor/Data/Resources/UnitySubsystems
[Subsystems] Discovering subsystems at path C:/Users/hoang/OneDrive/detprojekt/Miniprojekt-1/Top Down Shooter/Assets
GfxDevice: creating device client; threaded=0; jobified=0
Direct3D:
    Version:  Direct3D 11.0 [level 11.1]
    Renderer: NVIDIA GeForce GTX 1070 Ti (ID=0x1b82)
    Vendor:   NVIDIA
    VRAM:     8079 MB
    Driver:   27.21.14.5751
Initialize mono
Mono path[0] = 'D:/Unity/2021.1.3f1/Editor/Data/Managed'
Mono path[1] = 'D:/Unity/2021.1.3f1/Editor/Data/MonoBleedingEdge/lib/mono/unityjit'
Mono config path = 'D:/Unity/2021.1.3f1/Editor/Data/MonoBleedingEdge/etc'
Using monoOptions --debugger-agent=transport=dt_socket,embedding=1,server=y,suspend=n,address=127.0.0.1:56640
Begin MonoManager ReloadAssembly
Registering precompiled unity dll's ...
Register platform support module: D:/Unity/2021.1.3f1/Editor/Data/PlaybackEngines/WindowsStandaloneSupport/UnityEditor.WindowsStandalone.Extensions.dll
Registered in 0.001267 seconds.
Native extension for WindowsStandalone target not found
Refreshing native plugins compatible for Editor in 77.61 ms, found 1 plugins.
Preloading 0 native plugins for Editor in 0.00 ms.
Mono: successfully reloaded assembly
- Completed reload, in  1.453 seconds
Platform modules already initialized, skipping
Registering precompiled user dll's ...
Registered in 0.004773 seconds.
Begin MonoManager ReloadAssembly
Native extension for WindowsStandalone target not found
Refreshing native plugins compatible for Editor in 0.49 ms, found 1 plugins.
Preloading 0 native plugins for Editor in 0.00 ms.
Mono: successfully reloaded assembly
- Completed reload, in  0.983 seconds
Platform modules already initialized, skipping
========================================================================
Worker process is ready to serve import requests
Launched and connected shader compiler UnityShaderCompiler.exe after 0.05 seconds
Refreshing native plugins compatible for Editor in 0.75 ms, found 1 plugins.
Preloading 0 native plugins for Editor in 0.00 ms.
Unloading 2684 Unused Serialized files (Serialized files now loaded: 0)
System memory in use before: 101.8 MB.
System memory in use after: 102.0 MB.

Unloading 14 unused Assets to reduce memory usage. Loaded Objects now: 3144.
Total: 2.213900 ms (FindLiveObjects: 0.297800 ms CreateObjectMapping: 0.088100 ms MarkObjects: 1.765900 ms  DeleteObjects: 0.061000 ms)

========================================================================
Received Import Request.
  path: Assets/Scripts/ButtonScript.cs
  artifactKey: Guid(49fc70fc613a813478e811bf26c373e5) Importer(815301076,1909f56bfc062723c751e8b465ee728b)
Start importing Assets/Scripts/ButtonScript.cs using Guid(49fc70fc613a813478e811bf26c373e5) Importer(815301076,1909f56bfc062723c751e8b465ee728b)  -> (artifact id: 'e5edf8c5bfbd3b5da9dd68098538337d') in 0.033225 seconds 
========================================================================
Received Import Request.
  Time since last request: 78.865807 seconds.
  path: Assets/Scripts/Enemy.cs
  artifactKey: Guid(a438b8cfec76675479307c32dd3318a2) Importer(815301076,1909f56bfc062723c751e8b465ee728b)
Start importing Assets/Scripts/Enemy.cs using Guid(a438b8cfec76675479307c32dd3318a2) Importer(815301076,1909f56bfc062723c751e8b465ee728b)  -> (artifact id: '2e23e15188a9c3a38cb4f234bcb5a2fe') in 0.007334 seconds 
========================================================================
Received Prepare
Registering precompiled user dll's ...
Registered in 0.004348 seconds.
Begin MonoManager ReloadAssembly
Native extension for WindowsStandalone target not found
Refreshing native plugins compatible for Editor in 0.72 ms, found 1 plugins.
Preloading 0 native plugins for Editor in 0.00 ms.
Mono: successfully reloaded assembly
- Completed reload, in  0.934 seconds
Platform modules already initialized, skipping
Refreshing native plugins compatible for Editor in 0.54 ms, found 1 plugins.
Preloading 0 native plugins for Editor in 0.00 ms.
Unloading 2666 Unused Serialized files (Serialized files now loaded: 0)
System memory in use before: 100.4 MB.
System memory in use after: 100.6 MB.

Unloading 9 unused Assets to reduce memory usage. Loaded Objects now: 3148.
Total: 1.876700 ms (FindLiveObjects: 0.225800 ms CreateObjectMapping: 0.064700 ms MarkObjects: 1.571500 ms  DeleteObjects: 0.014000 ms)

========================================================================
Received Prepare
Registering precompiled user dll's ...
Registered in 0.005488 seconds.
Begin MonoManager ReloadAssembly
Native extension for WindowsStandalone target not found
Refreshing native plugins compatible for Editor in 0.54 ms, found 1 plugins.
Preloading 0 native plugins for Editor in 0.00 ms.
Mono: successfully reloaded assembly
- Completed reload, in  0.904 seconds
Platform modules already initialized, skipping
Refreshing native plugins compatible for Editor in 0.52 ms, found 1 plugins.
Preloading 0 native plugins for Editor in 0.00 ms.
Unloading 2666 Unused Serialized files (Serialized files now loaded: 0)
System memory in use before: 100.5 MB.
System memory in use after: 100.7 MB.

Unloading 9 unused Assets to reduce memory usage. Loaded Objects now: 3151.
Total: 2.228600 ms (FindLiveObjects: 0.268600 ms CreateObjectMapping: 0.066300 ms MarkObjects: 1.873700 ms  DeleteObjects: 0.018700 ms)

========================================================================
Received Import Request.
  Time since last request: 239.104328 seconds.
  path: Assets/Scripts/Enemy.cs
  artifactKey: Guid(a438b8cfec76675479307c32dd3318a2) Importer(815301076,1909f56bfc062723c751e8b465ee728b)
Start importing Assets/Scripts/Enemy.cs using Guid(a438b8cfec76675479307c32dd3318a2) Importer(815301076,1909f56bfc062723c751e8b465ee728b)  -> (artifact id: '42f76109298a4325f75a04368228bbc8') in 0.010452 seconds 
========================================================================
Received Prepare
Registering precompiled user dll's ...
Registered in 0.004186 seconds.
Begin MonoManager ReloadAssembly
Native extension for WindowsStandalone target not found
Refreshing native plugins compatible for Editor in 0.59 ms, found 1 plugins.
Preloading 0 native plugins for Editor in 0.00 ms.
Mono: successfully reloaded assembly
- Completed reload, in  0.918 seconds
Platform modules already initialized, skipping
Refreshing native plugins compatible for Editor in 0.57 ms, found 1 plugins.
Preloading 0 native plugins for Editor in 0.00 ms.
Unloading 2666 Unused Serialized files (Serialized files now loaded: 0)
System memory in use before: 100.5 MB.
System memory in use after: 100.7 MB.

Unloading 9 unused Assets to reduce memory usage. Loaded Objects now: 3154.
Total: 2.299800 ms (FindLiveObjects: 0.347200 ms CreateObjectMapping: 0.101500 ms MarkObjects: 1.831900 ms  DeleteObjects: 0.017500 ms)

========================================================================
Received Import Request.
  Time since last request: 300.084499 seconds.
  path: Assets/Scripts/EnemyScript.cs
  artifactKey: Guid(a438b8cfec76675479307c32dd3318a2) Importer(815301076,1909f56bfc062723c751e8b465ee728b)
Start importing Assets/Scripts/EnemyScript.cs using Guid(a438b8cfec76675479307c32dd3318a2) Importer(815301076,1909f56bfc062723c751e8b465ee728b)  -> (artifact id: 'd4fa131aaecb57140fb535e76d4a969c') in 0.011795 seconds 
========================================================================
Received Prepare
Registering precompiled user dll's ...
Registered in 0.004363 seconds.
Begin MonoManager ReloadAssembly
Native extension for WindowsStandalone target not found
Refreshing native plugins compatible for Editor in 0.74 ms, found 1 plugins.
Preloading 0 native plugins for Editor in 0.00 ms.
Mono: successfully reloaded assembly
- Completed reload, in  0.903 seconds
Platform modules already initialized, skipping
Refreshing native plugins compatible for Editor in 0.55 ms, found 1 plugins.
Preloading 0 native plugins for Editor in 0.00 ms.
Unloading 2666 Unused Serialized files (Serialized files now loaded: 0)
System memory in use before: 100.5 MB.
System memory in use after: 100.7 MB.

Unloading 9 unused Assets to reduce memory usage. Loaded Objects now: 3157.
Total: 2.113100 ms (FindLiveObjects: 0.257800 ms CreateObjectMapping: 0.066600 ms MarkObjects: 1.770100 ms  DeleteObjects: 0.017300 ms)

========================================================================
Received Import Request.
  Time since last request: 118.772552 seconds.
  path: Assets/Scripts/EnemyScript.cs
  artifactKey: Guid(a438b8cfec76675479307c32dd3318a2) Importer(815301076,1909f56bfc062723c751e8b465ee728b)
Start importing Assets/Scripts/EnemyScript.cs using Guid(a438b8cfec76675479307c32dd3318a2) Importer(815301076,1909f56bfc062723c751e8b465ee728b)  -> (artifact id: '55bf5d40af38520f72794342029dd283') in 0.006280 seconds 
========================================================================
Received Prepare
Registering precompiled user dll's ...
Registered in 0.003754 seconds.
Begin MonoManager ReloadAssembly
Native extension for WindowsStandalone target not found
Refreshing native plugins compatible for Editor in 0.53 ms, found 1 plugins.
Preloading 0 native plugins for Editor in 0.00 ms.
Mono: successfully reloaded assembly
- Completed reload, in  0.894 seconds
Platform modules already initialized, skipping
Refreshing native plugins compatible for Editor in 0.56 ms, found 1 plugins.
Preloading 0 native plugins for Editor in 0.00 ms.
Unloading 2666 Unused Serialized files (Serialized files now loaded: 0)
System memory in use before: 100.5 MB.
System memory in use after: 100.7 MB.

Unloading 9 unused Assets to reduce memory usage. Loaded Objects now: 3160.
Total: 2.546700 ms (FindLiveObjects: 0.277200 ms CreateObjectMapping: 0.084200 ms MarkObjects: 2.169100 ms  DeleteObjects: 0.014800 ms)

========================================================================
Received Import Request.
  Time since last request: 35.449191 seconds.
  path: Assets/Scripts/BulletScript.cs
  artifactKey: Guid(8a6cd3334b2fee249ad5e8e913b6a023) Importer(815301076,1909f56bfc062723c751e8b465ee728b)
Start importing Assets/Scripts/BulletScript.cs using Guid(8a6cd3334b2fee249ad5e8e913b6a023) Importer(815301076,1909f56bfc062723c751e8b465ee728b)  -> (artifact id: '6d4d92569ae478ec0abc3e60b1cf5c0a') in 0.009412 seconds 
========================================================================
Received Prepare
Registering precompiled user dll's ...
Registered in 0.003740 seconds.
Begin MonoManager ReloadAssembly
Native extension for WindowsStandalone target not found
Refreshing native plugins compatible for Editor in 0.53 ms, found 1 plugins.
Preloading 0 native plugins for Editor in 0.00 ms.
Mono: successfully reloaded assembly
- Completed reload, in  0.877 seconds
Platform modules already initialized, skipping
Refreshing native plugins compatible for Editor in 0.57 ms, found 1 plugins.
Preloading 0 native plugins for Editor in 0.00 ms.
Unloading 2667 Unused Serialized files (Serialized files now loaded: 0)
System memory in use before: 100.5 MB.
System memory in use after: 100.8 MB.

Unloading 9 unused Assets to reduce memory usage. Loaded Objects now: 3164.
Total: 2.433400 ms (FindLiveObjects: 0.389000 ms CreateObjectMapping: 0.101000 ms MarkObjects: 1.922900 ms  DeleteObjects: 0.019100 ms)

========================================================================
Received Import Request.
  Time since last request: 58.837738 seconds.
  path: Assets/Scripts/BulletScript.cs
  artifactKey: Guid(8a6cd3334b2fee249ad5e8e913b6a023) Importer(815301076,1909f56bfc062723c751e8b465ee728b)
Start importing Assets/Scripts/BulletScript.cs using Guid(8a6cd3334b2fee249ad5e8e913b6a023) Importer(815301076,1909f56bfc062723c751e8b465ee728b)  -> (artifact id: '9feb6079eb25b34f775c4ce11a65a7c2') in 0.006382 seconds 
========================================================================
Received Prepare
Registering precompiled user dll's ...
Registered in 0.003793 seconds.
Begin MonoManager ReloadAssembly
Native extension for WindowsStandalone target not found
Refreshing native plugins compatible for Editor in 0.53 ms, found 1 plugins.
Preloading 0 native plugins for Editor in 0.00 ms.
Mono: successfully reloaded assembly
- Completed reload, in  0.892 seconds
Platform modules already initialized, skipping
Refreshing native plugins compatible for Editor in 0.51 ms, found 1 plugins.
Preloading 0 native plugins for Editor in 0.00 ms.
Unloading 2667 Unused Serialized files (Serialized files now loaded: 0)
System memory in use before: 100.6 MB.
System memory in use after: 100.8 MB.

Unloading 9 unused Assets to reduce memory usage. Loaded Objects now: 3167.
Total: 2.670700 ms (FindLiveObjects: 0.357100 ms CreateObjectMapping: 0.135000 ms MarkObjects: 2.158600 ms  DeleteObjects: 0.018500 ms)

========================================================================
Received Import Request.
  Time since last request: 36.944333 seconds.
  path: Assets/OwnObjects/Bullet.prefab
  artifactKey: Guid(57634e9bc6cb78e40bbba03de1c548e4) Importer(815301076,1909f56bfc062723c751e8b465ee728b)
Start importing Assets/OwnObjects/Bullet.prefab using Guid(57634e9bc6cb78e40bbba03de1c548e4) Importer(815301076,1909f56bfc062723c751e8b465ee728b)  -> (artifact id: '16e351eea02a7feb0332e4f22d3f779e') in 0.114683 seconds 
========================================================================
Received Import Request.
  Time since last request: 10.534016 seconds.
  path: Assets/OwnObjects/MummyPrefab.prefab
  artifactKey: Guid(2e4af1696a8feed43b88d98b71b65a43) Importer(815301076,1909f56bfc062723c751e8b465ee728b)
Start importing Assets/OwnObjects/MummyPrefab.prefab using Guid(2e4af1696a8feed43b88d98b71b65a43) Importer(815301076,1909f56bfc062723c751e8b465ee728b)  -> (artifact id: 'bbb82ce25eb8ce11e29862febd71f1fe') in 0.053801 seconds 
========================================================================
Received Prepare
Registering precompiled user dll's ...
Registered in 0.003833 seconds.
Begin MonoManager ReloadAssembly
Native extension for WindowsStandalone target not found
Refreshing native plugins compatible for Editor in 0.74 ms, found 1 plugins.
Preloading 0 native plugins for Editor in 0.00 ms.
Mono: successfully reloaded assembly
- Completed reload, in  0.905 seconds
Platform modules already initialized, skipping
Refreshing native plugins compatible for Editor in 0.51 ms, found 1 plugins.
Preloading 0 native plugins for Editor in 0.00 ms.
Unloading 2667 Unused Serialized files (Serialized files now loaded: 0)
System memory in use before: 118.0 MB.
System memory in use after: 118.2 MB.

Unloading 9 unused Assets to reduce memory usage. Loaded Objects now: 3178.
Total: 1.852200 ms (FindLiveObjects: 0.230000 ms CreateObjectMapping: 0.063100 ms MarkObjects: 1.544800 ms  DeleteObjects: 0.013300 ms)

========================================================================
Received Prepare
Registering precompiled user dll's ...
Registered in 0.004047 seconds.
Begin MonoManager ReloadAssembly
Native extension for WindowsStandalone target not found
Refreshing native plugins compatible for Editor in 0.52 ms, found 1 plugins.
Preloading 0 native plugins for Editor in 0.00 ms.
Mono: successfully reloaded assembly
- Completed reload, in  0.920 seconds
Platform modules already initialized, skipping
Refreshing native plugins compatible for Editor in 0.53 ms, found 1 plugins.
Preloading 0 native plugins for Editor in 0.00 ms.
Unloading 2667 Unused Serialized files (Serialized files now loaded: 0)
System memory in use before: 118.0 MB.
System memory in use after: 118.2 MB.

Unloading 9 unused Assets to reduce memory usage. Loaded Objects now: 3181.
Total: 2.028400 ms (FindLiveObjects: 0.280400 ms CreateObjectMapping: 0.067100 ms MarkObjects: 1.665400 ms  DeleteObjects: 0.014800 ms)

========================================================================
Received Prepare
Registering precompiled user dll's ...
Registered in 0.003802 seconds.
Begin MonoManager ReloadAssembly
Native extension for WindowsStandalone target not found
Refreshing native plugins compatible for Editor in 0.52 ms, found 1 plugins.
Preloading 0 native plugins for Editor in 0.00 ms.
Mono: successfully reloaded assembly
- Completed reload, in  0.877 seconds
Platform modules already initialized, skipping
Refreshing native plugins compatible for Editor in 0.50 ms, found 1 plugins.
Preloading 0 native plugins for Editor in 0.00 ms.
Unloading 2667 Unused Serialized files (Serialized files now loaded: 0)
System memory in use before: 118.0 MB.
System memory in use after: 118.2 MB.

Unloading 9 unused Assets to reduce memory usage. Loaded Objects now: 3184.
Total: 2.562100 ms (FindLiveObjects: 0.289700 ms CreateObjectMapping: 0.093200 ms MarkObjects: 2.162100 ms  DeleteObjects: 0.015900 ms)

========================================================================
Received Prepare
Registering precompiled user dll's ...
Registered in 0.004273 seconds.
Begin MonoManager ReloadAssembly
Native extension for WindowsStandalone target not found
Refreshing native plugins compatible for Editor in 0.51 ms, found 1 plugins.
Preloading 0 native plugins for Editor in 0.00 ms.
Mono: successfully reloaded assembly
- Completed reload, in  0.897 seconds
Platform modules already initialized, skipping
Refreshing native plugins compatible for Editor in 0.52 ms, found 1 plugins.
Preloading 0 native plugins for Editor in 0.00 ms.
Unloading 2667 Unused Serialized files (Serialized files now loaded: 0)
System memory in use before: 118.0 MB.
System memory in use after: 118.2 MB.

Unloading 9 unused Assets to reduce memory usage. Loaded Objects now: 3187.
Total: 2.281300 ms (FindLiveObjects: 0.336900 ms CreateObjectMapping: 0.088000 ms MarkObjects: 1.838400 ms  DeleteObjects: 0.016200 ms)

========================================================================
Received Import Request.
  Time since last request: 649.442147 seconds.
  path: Assets/Scripts/HeightDeathScript.cs
  artifactKey: Guid(3b33aab8fe77a3f4a947844762b057d7) Importer(815301076,1909f56bfc062723c751e8b465ee728b)
Start importing Assets/Scripts/HeightDeathScript.cs using Guid(3b33aab8fe77a3f4a947844762b057d7) Importer(815301076,1909f56bfc062723c751e8b465ee728b)  -> (artifact id: 'a775e3bc6cecd9fa2aab36456801b10a') in 0.011496 seconds 
========================================================================
Received Prepare
Registering precompiled user dll's ...
Registered in 0.003825 seconds.
Begin MonoManager ReloadAssembly
Native extension for WindowsStandalone target not found
Refreshing native plugins compatible for Editor in 0.74 ms, found 1 plugins.
Preloading 0 native plugins for Editor in 0.00 ms.
Mono: successfully reloaded assembly
- Completed reload, in  0.895 seconds
Platform modules already initialized, skipping
Refreshing native plugins compatible for Editor in 0.55 ms, found 1 plugins.
Preloading 0 native plugins for Editor in 0.00 ms.
Unloading 2668 Unused Serialized files (Serialized files now loaded: 0)
System memory in use before: 118.0 MB.
System memory in use after: 118.3 MB.

Unloading 9 unused Assets to reduce memory usage. Loaded Objects now: 3191.
Total: 2.541500 ms (FindLiveObjects: 0.332100 ms CreateObjectMapping: 0.092200 ms MarkObjects: 2.101300 ms  DeleteObjects: 0.014800 ms)

========================================================================
Received Import Request.
  Time since last request: 87.238334 seconds.
  path: Assets/Scripts/HeightDeathScript.cs
  artifactKey: Guid(3b33aab8fe77a3f4a947844762b057d7) Importer(815301076,1909f56bfc062723c751e8b465ee728b)
Start importing Assets/Scripts/HeightDeathScript.cs using Guid(3b33aab8fe77a3f4a947844762b057d7) Importer(815301076,1909f56bfc062723c751e8b465ee728b)  -> (artifact id: '28bc6865c4afe8421cd39c743d7271ba') in 0.007485 seconds 
AssetImportWorkerClient::OnTransportError - code=2 error=End of file
